  [1m[36m (1.9ms)[0m  [1mCREATE TABLE "schema_migrations" ("version" varchar NOT NULL) [0m
  [1m[35m (0.1ms)[0m  select sqlite_version(*)
  [1m[36m (1.5ms)[0m  [1mCREATE UNIQUE INDEX "unique_schema_migrations" ON "schema_migrations" ("version")[0m
  [1m[35mActiveRecord::SchemaMigration Load (0.2ms)[0m  SELECT "schema_migrations".* FROM "schema_migrations"
Migrating to CreateMajanlogs (20161203023534)
  [1m[36m (0.2ms)[0m  [1mbegin transaction[0m
  [1m[35m (1.1ms)[0m  CREATE TABLE "majanlogs" ("id" INTEGER PRIMARY KEY AUTOINCREMENT NOT NULL, "date" date, "num" integer, "name1" varchar, "score1" integer, "name2" varchar, "score2" integer, "name3" varchar, "score3" integer, "name4" varchar, "score4" integer, "created_at" datetime NOT NULL, "updated_at" datetime NOT NULL) 
  [1m[36mSQL (0.4ms)[0m  [1mINSERT INTO "schema_migrations" ("version") VALUES (?)[0m  [["version", "20161203023534"]]
  [1m[35m (3.6ms)[0m  commit transaction
  [1m[36mActiveRecord::SchemaMigration Load (0.2ms)[0m  [1mSELECT "schema_migrations".* FROM "schema_migrations"[0m


Started GET "/" for ::1 at 2016-12-03 11:50:44 +0900
  [1m[36mActiveRecord::SchemaMigration Load (0.2ms)[0m  [1mSELECT "schema_migrations".* FROM "schema_migrations"[0m
Processing by Rails::WelcomeController#index as HTML
  Rendered /Users/ht0919/.anyenv/envs/rbenv/versions/2.3.1/lib/ruby/gems/2.3.0/gems/railties-4.2.2/lib/rails/templates/rails/welcome/index.html.erb (4.3ms)
Completed 200 OK in 51ms (Views: 23.6ms | ActiveRecord: 0.0ms)


Started GET "/rails/info/properties" for ::1 at 2016-12-03 11:50:54 +0900
Processing by Rails::InfoController#properties as */*
  [1m[35mActiveRecord::SchemaMigration Load (0.2ms)[0m  SELECT "schema_migrations".* FROM "schema_migrations"
  Rendered /Users/ht0919/.anyenv/envs/rbenv/versions/2.3.1/lib/ruby/gems/2.3.0/gems/railties-4.2.2/lib/rails/templates/rails/info/properties.html.erb (0.9ms)
Completed 200 OK in 170ms (Views: 164.2ms | ActiveRecord: 0.6ms)


Started GET "/majanlog" for ::1 at 2016-12-03 11:51:32 +0900

ActionController::RoutingError (No route matches [GET] "/majanlog"):
  actionpack (4.2.2) lib/action_dispatch/middleware/debug_exceptions.rb:21:in `call'
  web-console (2.3.0) lib/web_console/middleware.rb:28:in `block in call'
  web-console (2.3.0) lib/web_console/middleware.rb:18:in `catch'
  web-console (2.3.0) lib/web_console/middleware.rb:18:in `call'
  actionpack (4.2.2) lib/action_dispatch/middleware/show_exceptions.rb:30:in `call'
  railties (4.2.2) lib/rails/rack/logger.rb:38:in `call_app'
  railties (4.2.2) lib/rails/rack/logger.rb:20:in `block in call'
  activesupport (4.2.2) lib/active_support/tagged_logging.rb:68:in `block in tagged'
  activesupport (4.2.2) lib/active_support/tagged_logging.rb:26:in `tagged'
  activesupport (4.2.2) lib/active_support/tagged_logging.rb:68:in `tagged'
  railties (4.2.2) lib/rails/rack/logger.rb:20:in `call'
  actionpack (4.2.2) lib/action_dispatch/middleware/request_id.rb:21:in `call'
  rack (1.6.5) lib/rack/methodoverride.rb:22:in `call'
  rack (1.6.5) lib/rack/runtime.rb:18:in `call'
  activesupport (4.2.2) lib/active_support/cache/strategy/local_cache_middleware.rb:28:in `call'
  rack (1.6.5) lib/rack/lock.rb:17:in `call'
  actionpack (4.2.2) lib/action_dispatch/middleware/static.rb:113:in `call'
  rack (1.6.5) lib/rack/sendfile.rb:113:in `call'
  railties (4.2.2) lib/rails/engine.rb:518:in `call'
  railties (4.2.2) lib/rails/application.rb:164:in `call'
  rack (1.6.5) lib/rack/lock.rb:17:in `call'
  rack (1.6.5) lib/rack/content_length.rb:15:in `call'
  rack (1.6.5) lib/rack/handler/webrick.rb:88:in `service'
  /Users/ht0919/.anyenv/envs/rbenv/versions/2.3.1/lib/ruby/2.3.0/webrick/httpserver.rb:140:in `service'
  /Users/ht0919/.anyenv/envs/rbenv/versions/2.3.1/lib/ruby/2.3.0/webrick/httpserver.rb:96:in `run'
  /Users/ht0919/.anyenv/envs/rbenv/versions/2.3.1/lib/ruby/2.3.0/webrick/server.rb:296:in `block in start_thread'


  Rendered /Users/ht0919/.anyenv/envs/rbenv/versions/2.3.1/lib/ruby/gems/2.3.0/gems/actionpack-4.2.2/lib/action_dispatch/middleware/templates/rescues/_trace.html.erb (4.2ms)
  Rendered /Users/ht0919/.anyenv/envs/rbenv/versions/2.3.1/lib/ruby/gems/2.3.0/gems/actionpack-4.2.2/lib/action_dispatch/middleware/templates/routes/_route.html.erb (2.5ms)
  Rendered /Users/ht0919/.anyenv/envs/rbenv/versions/2.3.1/lib/ruby/gems/2.3.0/gems/actionpack-4.2.2/lib/action_dispatch/middleware/templates/routes/_table.html.erb (20.1ms)
  Rendered /Users/ht0919/.anyenv/envs/rbenv/versions/2.3.1/lib/ruby/gems/2.3.0/gems/actionpack-4.2.2/lib/action_dispatch/middleware/templates/rescues/_request_and_response.html.erb (4.9ms)
  Rendered /Users/ht0919/.anyenv/envs/rbenv/versions/2.3.1/lib/ruby/gems/2.3.0/gems/actionpack-4.2.2/lib/action_dispatch/middleware/templates/rescues/routing_error.html.erb within rescues/layout (472.5ms)
  Rendered /Users/ht0919/.anyenv/envs/rbenv/versions/2.3.1/lib/ruby/gems/2.3.0/gems/web-console-2.3.0/lib/web_console/templates/_markup.html.erb (1.0ms)
  Rendered /Users/ht0919/.anyenv/envs/rbenv/versions/2.3.1/lib/ruby/gems/2.3.0/gems/web-console-2.3.0/lib/web_console/templates/_inner_console_markup.html.erb within layouts/inlined_string (1.0ms)
  Rendered /Users/ht0919/.anyenv/envs/rbenv/versions/2.3.1/lib/ruby/gems/2.3.0/gems/web-console-2.3.0/lib/web_console/templates/_prompt_box_markup.html.erb within layouts/inlined_string (0.7ms)
  Rendered /Users/ht0919/.anyenv/envs/rbenv/versions/2.3.1/lib/ruby/gems/2.3.0/gems/web-console-2.3.0/lib/web_console/templates/style.css.erb within layouts/inlined_string (0.9ms)
  Rendered /Users/ht0919/.anyenv/envs/rbenv/versions/2.3.1/lib/ruby/gems/2.3.0/gems/web-console-2.3.0/lib/web_console/templates/console.js.erb within layouts/javascript (285.5ms)
  Rendered /Users/ht0919/.anyenv/envs/rbenv/versions/2.3.1/lib/ruby/gems/2.3.0/gems/web-console-2.3.0/lib/web_console/templates/main.js.erb within layouts/javascript (1.3ms)
  Rendered /Users/ht0919/.anyenv/envs/rbenv/versions/2.3.1/lib/ruby/gems/2.3.0/gems/web-console-2.3.0/lib/web_console/templates/error_page.js.erb within layouts/javascript (1.0ms)
  Rendered /Users/ht0919/.anyenv/envs/rbenv/versions/2.3.1/lib/ruby/gems/2.3.0/gems/web-console-2.3.0/lib/web_console/templates/index.html.erb (611.1ms)


Started GET "/majanlogs" for ::1 at 2016-12-03 11:51:40 +0900
Processing by MajanlogsController#index as HTML
  [1m[36mMajanlog Load (2.6ms)[0m  [1mSELECT "majanlogs".* FROM "majanlogs"[0m
  Rendered majanlogs/index.html.erb within layouts/application (8.4ms)
Completed 200 OK in 1518ms (Views: 1508.4ms | ActiveRecord: 3.0ms)


Started GET "/assets/scaffolds.self-dfbd34247976981ae0c8f03fbb6b8f14b27b5ecf8132c5ecf63748fcad0536e0.css?body=1" for ::1 at 2016-12-03 11:51:41 +0900


Started GET "/assets/jquery_ujs.self-784a997f6726036b1993eb2217c9cb558e1cbb801c6da88105588c56f13b466a.js?body=1" for ::1 at 2016-12-03 11:51:41 +0900


Started GET "/assets/jquery.self-bd7ddd393353a8d2480a622e80342adf488fb6006d667e8b42e4c0073393abee.js?body=1" for ::1 at 2016-12-03 11:51:41 +0900


Started GET "/assets/turbolinks.self-c5acd7a204f5f25ce7a1d8a0e4d92e28d34c9e2df2c7371cd7af88e147e4ad82.js?body=1" for ::1 at 2016-12-03 11:51:41 +0900


Started GET "/assets/majanlogs.self-877aef30ae1b040ab8a3aba4e3e309a11d7f2612f44dde450b5c157aa5f95c05.js?body=1" for ::1 at 2016-12-03 11:51:41 +0900


Started GET "/assets/majanlogs.self-e3b0c44298fc1c149afbf4c8996fb92427ae41e4649b934ca495991b7852b855.css?body=1" for ::1 at 2016-12-03 11:51:41 +0900


Started GET "/" for ::1 at 2016-12-03 11:59:02 +0900
  [1m[36mActiveRecord::SchemaMigration Load (1.0ms)[0m  [1mSELECT "schema_migrations".* FROM "schema_migrations"[0m
Processing by MajanlogsController#index as HTML
  [1m[35mMajanlog Load (1.2ms)[0m  SELECT "majanlogs".* FROM "majanlogs"
  Rendered majanlogs/index.html.erb within layouts/application (9.0ms)
Completed 200 OK in 726ms (Views: 686.6ms | ActiveRecord: 1.5ms)


Started GET "/majanlogs/new" for ::1 at 2016-12-03 11:59:20 +0900
Processing by MajanlogsController#new as HTML
  Rendered majanlogs/_form.html.erb (63.5ms)
  Rendered majanlogs/new.html.erb within layouts/application (78.3ms)
Completed 200 OK in 166ms (Views: 128.3ms | ActiveRecord: 0.6ms)


Started POST "/majanlogs" for ::1 at 2016-12-03 12:00:10 +0900
Processing by MajanlogsController#create as HTML
  Parameters: {"utf8"=>"✓", "authenticity_token"=>"sf5WVai9oP3lqVxhf0kz4u2le5MsffCSwlA6QUVSwcn1kewZ0NTkQ8g3Wh/9xDsNQWvbsf9peRxf9jK5WPWkmA==", "majanlog"=>{"date(1i)"=>"2016", "date(2i)"=>"12", "date(3i)"=>"3", "num"=>"1", "name1"=>"aaa", "score1"=>"100", "name2"=>"bbb", "score2"=>"200", "name3"=>"ccc", "score3"=>"300", "name4"=>"ddd", "score4"=>"400"}, "commit"=>"Create Majanlog"}
  [1m[36m (0.2ms)[0m  [1mbegin transaction[0m
  [1m[35mSQL (2.8ms)[0m  INSERT INTO "majanlogs" ("num", "name1", "score1", "name2", "score2", "name3", "score3", "name4", "score4", "date", "created_at", "updated_at") VALUES (?, ?, ?, ?, ?, ?, ?, ?, ?, ?, ?, ?)  [["num", 1], ["name1", "aaa"], ["score1", 100], ["name2", "bbb"], ["score2", 200], ["name3", "ccc"], ["score3", 300], ["name4", "ddd"], ["score4", 400], ["date", "2016-12-03"], ["created_at", "2016-12-03 03:00:10.208068"], ["updated_at", "2016-12-03 03:00:10.208068"]]
  [1m[36m (1.3ms)[0m  [1mcommit transaction[0m
Redirected to http://localhost:3000/majanlogs/1
Completed 302 Found in 19ms (ActiveRecord: 4.2ms)


Started GET "/majanlogs/1" for ::1 at 2016-12-03 12:00:10 +0900
Processing by MajanlogsController#show as HTML
  Parameters: {"id"=>"1"}
  [1m[35mMajanlog Load (2.2ms)[0m  SELECT  "majanlogs".* FROM "majanlogs" WHERE "majanlogs"."id" = ? LIMIT 1  [["id", 1]]
  Rendered majanlogs/show.html.erb within layouts/application (5.4ms)
Completed 200 OK in 126ms (Views: 107.8ms | ActiveRecord: 2.2ms)


Started GET "/majanlogs" for ::1 at 2016-12-03 12:00:14 +0900
Processing by MajanlogsController#index as HTML
  [1m[36mMajanlog Load (0.3ms)[0m  [1mSELECT "majanlogs".* FROM "majanlogs"[0m
  Rendered majanlogs/index.html.erb within layouts/application (2.6ms)
Completed 200 OK in 81ms (Views: 65.2ms | ActiveRecord: 0.3ms)


Started GET "/majanlogs/1" for ::1 at 2016-12-03 12:00:22 +0900
Processing by MajanlogsController#show as HTML
  Parameters: {"id"=>"1"}
  [1m[35mMajanlog Load (0.2ms)[0m  SELECT  "majanlogs".* FROM "majanlogs" WHERE "majanlogs"."id" = ? LIMIT 1  [["id", 1]]
  Rendered majanlogs/show.html.erb within layouts/application (0.9ms)
Completed 200 OK in 85ms (Views: 82.9ms | ActiveRecord: 0.2ms)


Started GET "/majanlogs" for ::1 at 2016-12-03 12:00:27 +0900
Processing by MajanlogsController#index as HTML
  [1m[36mMajanlog Load (0.3ms)[0m  [1mSELECT "majanlogs".* FROM "majanlogs"[0m
  Rendered majanlogs/index.html.erb within layouts/application (2.6ms)
Completed 200 OK in 59ms (Views: 51.0ms | ActiveRecord: 0.3ms)


Started GET "/majanlogs/1/edit" for ::1 at 2016-12-03 12:00:31 +0900
Processing by MajanlogsController#edit as HTML
  Parameters: {"id"=>"1"}
  [1m[35mMajanlog Load (0.2ms)[0m  SELECT  "majanlogs".* FROM "majanlogs" WHERE "majanlogs"."id" = ? LIMIT 1  [["id", 1]]
  Rendered majanlogs/_form.html.erb (14.4ms)
  Rendered majanlogs/edit.html.erb within layouts/application (21.3ms)
Completed 200 OK in 70ms (Views: 67.2ms | ActiveRecord: 0.2ms)


Started PATCH "/majanlogs/1" for ::1 at 2016-12-03 12:00:41 +0900
Processing by MajanlogsController#update as HTML
  Parameters: {"utf8"=>"✓", "authenticity_token"=>"NnnUM4YDdVWhkz81BHa5s1IrlePIJcl4sgD4mBsGC75yFm5//mox64wNOUuG+7Fc/uU1wRsxQPYvpvBgBqFu7w==", "majanlog"=>{"date(1i)"=>"2016", "date(2i)"=>"12", "date(3i)"=>"3", "num"=>"1", "name1"=>"aaa", "score1"=>"100", "name2"=>"bbb", "score2"=>"200", "name3"=>"ccc", "score3"=>"300", "name4"=>"ddd", "score4"=>"500"}, "commit"=>"Update Majanlog", "id"=>"1"}
  [1m[36mMajanlog Load (0.2ms)[0m  [1mSELECT  "majanlogs".* FROM "majanlogs" WHERE "majanlogs"."id" = ? LIMIT 1[0m  [["id", 1]]
  [1m[35m (0.1ms)[0m  begin transaction
  [1m[36mSQL (0.7ms)[0m  [1mUPDATE "majanlogs" SET "score4" = ?, "updated_at" = ? WHERE "majanlogs"."id" = ?[0m  [["score4", 500], ["updated_at", "2016-12-03 03:00:41.201296"], ["id", 1]]
  [1m[35m (2.2ms)[0m  commit transaction
Redirected to http://localhost:3000/majanlogs/1
Completed 302 Found in 16ms (ActiveRecord: 3.3ms)


Started GET "/majanlogs/1" for ::1 at 2016-12-03 12:00:41 +0900
Processing by MajanlogsController#show as HTML
  Parameters: {"id"=>"1"}
  [1m[36mMajanlog Load (0.3ms)[0m  [1mSELECT  "majanlogs".* FROM "majanlogs" WHERE "majanlogs"."id" = ? LIMIT 1[0m  [["id", 1]]
  Rendered majanlogs/show.html.erb within layouts/application (0.9ms)
Completed 200 OK in 51ms (Views: 48.9ms | ActiveRecord: 0.3ms)


Started GET "/majanlogs" for ::1 at 2016-12-03 12:00:45 +0900
Processing by MajanlogsController#index as HTML
  [1m[35mMajanlog Load (0.3ms)[0m  SELECT "majanlogs".* FROM "majanlogs"
  Rendered majanlogs/index.html.erb within layouts/application (2.4ms)
Completed 200 OK in 78ms (Views: 47.5ms | ActiveRecord: 0.3ms)


Started GET "/majanlogs/new" for ::1 at 2016-12-03 12:01:04 +0900
Processing by MajanlogsController#new as HTML
  Rendered majanlogs/_form.html.erb (12.2ms)
  Rendered majanlogs/new.html.erb within layouts/application (16.8ms)
Completed 200 OK in 65ms (Views: 57.5ms | ActiveRecord: 0.0ms)


Started GET "/majanlogs" for ::1 at 2016-12-03 12:01:15 +0900
Processing by MajanlogsController#index as HTML
  [1m[36mMajanlog Load (0.3ms)[0m  [1mSELECT "majanlogs".* FROM "majanlogs"[0m
  Rendered majanlogs/index.html.erb within layouts/application (2.6ms)
Completed 200 OK in 63ms (Views: 61.4ms | ActiveRecord: 0.3ms)


Started GET "/majanlogs" for ::1 at 2016-12-03 12:08:30 +0900
Processing by MajanlogsController#index as HTML
  [1m[35mMajanlog Load (0.3ms)[0m  SELECT "majanlogs".* FROM "majanlogs"
  Rendered majanlogs/index.html.erb within layouts/application (4.3ms)
Completed 200 OK in 76ms (Views: 66.3ms | ActiveRecord: 0.3ms)


Started GET "/majanlogs" for ::1 at 2016-12-03 12:10:53 +0900
Processing by MajanlogsController#index as HTML
  [1m[36mMajanlog Load (0.4ms)[0m  [1mSELECT "majanlogs".* FROM "majanlogs"[0m
  Rendered majanlogs/index.html.erb within layouts/application (4.9ms)
Completed 200 OK in 66ms (Views: 64.9ms | ActiveRecord: 0.4ms)


Started GET "/majanlogs" for ::1 at 2016-12-03 12:12:45 +0900
Processing by MajanlogsController#index as HTML
  [1m[35mMajanlog Load (0.4ms)[0m  SELECT "majanlogs".* FROM "majanlogs"
  Rendered majanlogs/index.html.erb within layouts/application (4.8ms)
Completed 200 OK in 54ms (Views: 52.6ms | ActiveRecord: 0.4ms)


Started GET "/majanlogs/1" for ::1 at 2016-12-03 12:12:56 +0900
Processing by MajanlogsController#show as HTML
  Parameters: {"id"=>"1"}
  [1m[36mMajanlog Load (0.3ms)[0m  [1mSELECT  "majanlogs".* FROM "majanlogs" WHERE "majanlogs"."id" = ? LIMIT 1[0m  [["id", 1]]
  Rendered majanlogs/show.html.erb within layouts/application (1.1ms)
Completed 200 OK in 92ms (Views: 89.9ms | ActiveRecord: 0.3ms)


Started GET "/majanlogs/1/edit" for ::1 at 2016-12-03 12:13:00 +0900
Processing by MajanlogsController#edit as HTML
  Parameters: {"id"=>"1"}
  [1m[35mMajanlog Load (0.3ms)[0m  SELECT  "majanlogs".* FROM "majanlogs" WHERE "majanlogs"."id" = ? LIMIT 1  [["id", 1]]
  Rendered majanlogs/_form.html.erb (19.0ms)
  Rendered majanlogs/edit.html.erb within layouts/application (24.2ms)
Completed 200 OK in 80ms (Views: 77.1ms | ActiveRecord: 0.3ms)


Started GET "/majanlogs/new" for ::1 at 2016-12-03 12:13:11 +0900
Processing by MajanlogsController#new as HTML
  Rendered majanlogs/_form.html.erb (17.2ms)
  Rendered majanlogs/new.html.erb within layouts/application (22.2ms)
Completed 200 OK in 82ms (Views: 80.6ms | ActiveRecord: 0.0ms)


Started GET "/majanlogs/1/edit" for ::1 at 2016-12-03 12:13:21 +0900
Processing by MajanlogsController#edit as HTML
  Parameters: {"id"=>"1"}
  [1m[36mMajanlog Load (0.3ms)[0m  [1mSELECT  "majanlogs".* FROM "majanlogs" WHERE "majanlogs"."id" = ? LIMIT 1[0m  [["id", 1]]
  Rendered majanlogs/_form.html.erb (16.9ms)
  Rendered majanlogs/edit.html.erb within layouts/application (23.9ms)
Completed 200 OK in 74ms (Views: 72.2ms | ActiveRecord: 0.3ms)


Started GET "/majanlogs/new" for ::1 at 2016-12-03 12:13:26 +0900
Processing by MajanlogsController#new as HTML
  Rendered majanlogs/_form.html.erb (16.2ms)
  Rendered majanlogs/new.html.erb within layouts/application (21.2ms)
Completed 200 OK in 109ms (Views: 107.3ms | ActiveRecord: 0.0ms)


Started GET "/majanlogs/1" for ::1 at 2016-12-03 12:13:38 +0900
Processing by MajanlogsController#show as HTML
  Parameters: {"id"=>"1"}
  [1m[35mMajanlog Load (0.2ms)[0m  SELECT  "majanlogs".* FROM "majanlogs" WHERE "majanlogs"."id" = ? LIMIT 1  [["id", 1]]
  Rendered majanlogs/show.html.erb within layouts/application (1.0ms)
Completed 200 OK in 71ms (Views: 69.2ms | ActiveRecord: 0.2ms)


Started GET "/majanlogs/1" for ::1 at 2016-12-03 12:15:59 +0900
Processing by MajanlogsController#show as HTML
  Parameters: {"id"=>"1"}
  [1m[36mMajanlog Load (0.3ms)[0m  [1mSELECT  "majanlogs".* FROM "majanlogs" WHERE "majanlogs"."id" = ? LIMIT 1[0m  [["id", 1]]
  Rendered majanlogs/show.html.erb within layouts/application (3.6ms)
Completed 200 OK in 60ms (Views: 53.6ms | ActiveRecord: 0.3ms)


Started GET "/majanlogs/1/edit" for ::1 at 2016-12-03 12:16:39 +0900
Processing by MajanlogsController#edit as HTML
  Parameters: {"id"=>"1"}
  [1m[35mMajanlog Load (0.2ms)[0m  SELECT  "majanlogs".* FROM "majanlogs" WHERE "majanlogs"."id" = ? LIMIT 1  [["id", 1]]
  Rendered majanlogs/_form.html.erb (13.6ms)
  Rendered majanlogs/edit.html.erb within layouts/application (18.6ms)
Completed 200 OK in 73ms (Views: 70.6ms | ActiveRecord: 0.2ms)


Started GET "/majanlogs/1/edit" for ::1 at 2016-12-03 12:17:58 +0900
Processing by MajanlogsController#edit as HTML
  Parameters: {"id"=>"1"}
  [1m[36mMajanlog Load (0.3ms)[0m  [1mSELECT  "majanlogs".* FROM "majanlogs" WHERE "majanlogs"."id" = ? LIMIT 1[0m  [["id", 1]]
  Rendered majanlogs/_form.html.erb (11.7ms)
  Rendered majanlogs/edit.html.erb within layouts/application (17.2ms)
Completed 200 OK in 62ms (Views: 59.5ms | ActiveRecord: 0.3ms)


Started GET "/majanlogs/1/edit" for ::1 at 2016-12-03 12:19:15 +0900
Processing by MajanlogsController#edit as HTML
  Parameters: {"id"=>"1"}
  [1m[35mMajanlog Load (0.2ms)[0m  SELECT  "majanlogs".* FROM "majanlogs" WHERE "majanlogs"."id" = ? LIMIT 1  [["id", 1]]
  Rendered majanlogs/_form.html.erb (13.2ms)
  Rendered majanlogs/edit.html.erb within layouts/application (17.3ms)
Completed 200 OK in 67ms (Views: 65.1ms | ActiveRecord: 0.2ms)


Started GET "/majanlogs/1/edit" for ::1 at 2016-12-03 12:22:09 +0900
Processing by MajanlogsController#edit as HTML
  Parameters: {"id"=>"1"}
  [1m[36mMajanlog Load (0.3ms)[0m  [1mSELECT  "majanlogs".* FROM "majanlogs" WHERE "majanlogs"."id" = ? LIMIT 1[0m  [["id", 1]]
  Rendered majanlogs/_form.html.erb (11.4ms)
  Rendered majanlogs/edit.html.erb within layouts/application (16.2ms)
Completed 200 OK in 98ms (Views: 94.3ms | ActiveRecord: 0.3ms)


Started GET "/majanlogs" for ::1 at 2016-12-03 12:22:39 +0900
Processing by MajanlogsController#index as HTML
  [1m[35mMajanlog Load (0.3ms)[0m  SELECT "majanlogs".* FROM "majanlogs"
  Rendered majanlogs/index.html.erb within layouts/application (3.9ms)
Completed 200 OK in 98ms (Views: 93.1ms | ActiveRecord: 0.3ms)


Started GET "/majanlogs/new" for ::1 at 2016-12-03 12:22:42 +0900
Processing by MajanlogsController#new as HTML
  Rendered majanlogs/_form.html.erb (10.5ms)
  Rendered majanlogs/new.html.erb within layouts/application (15.2ms)
Completed 200 OK in 83ms (Views: 82.0ms | ActiveRecord: 0.0ms)


Started GET "/majanlogs" for ::1 at 2016-12-03 12:22:50 +0900
Processing by MajanlogsController#index as HTML
  [1m[36mMajanlog Load (0.3ms)[0m  [1mSELECT "majanlogs".* FROM "majanlogs"[0m
  Rendered majanlogs/index.html.erb within layouts/application (2.6ms)
Completed 200 OK in 54ms (Views: 52.6ms | ActiveRecord: 0.3ms)


Started GET "/majanlogs" for ::1 at 2016-12-03 12:23:17 +0900
Processing by MajanlogsController#index as HTML
  [1m[35mMajanlog Load (0.3ms)[0m  SELECT "majanlogs".* FROM "majanlogs"
  Rendered majanlogs/index.html.erb within layouts/application (2.6ms)
Completed 200 OK in 49ms (Views: 47.5ms | ActiveRecord: 0.3ms)


Started GET "/majanlogs/new" for ::1 at 2016-12-03 12:23:20 +0900
Processing by MajanlogsController#new as HTML
  Rendered majanlogs/_form.html.erb (8.7ms)
  Rendered majanlogs/new.html.erb within layouts/application (24.0ms)
Completed 200 OK in 93ms (Views: 75.9ms | ActiveRecord: 0.0ms)


Started GET "/majanlogs/new" for ::1 at 2016-12-03 12:24:09 +0900
Processing by MajanlogsController#new as HTML
  Rendered majanlogs/_form.html.erb (9.6ms)
  Rendered majanlogs/new.html.erb within layouts/application (13.9ms)
Completed 200 OK in 98ms (Views: 95.2ms | ActiveRecord: 0.0ms)


Started GET "/majanlogs/new" for ::1 at 2016-12-03 12:24:35 +0900
Processing by MajanlogsController#new as HTML
  Rendered majanlogs/_form.html.erb (9.3ms)
  Rendered majanlogs/new.html.erb within layouts/application (14.2ms)
Completed 200 OK in 64ms (Views: 63.3ms | ActiveRecord: 0.0ms)


Started GET "/books" for ::1 at 2016-12-10 12:12:50 +0900
  [1m[36mActiveRecord::SchemaMigration Load (0.6ms)[0m  [1mSELECT "schema_migrations".* FROM "schema_migrations"[0m

ActionController::RoutingError (No route matches [GET] "/books"):
  actionpack (4.2.2) lib/action_dispatch/middleware/debug_exceptions.rb:21:in `call'
  web-console (2.3.0) lib/web_console/middleware.rb:28:in `block in call'
  web-console (2.3.0) lib/web_console/middleware.rb:18:in `catch'
  web-console (2.3.0) lib/web_console/middleware.rb:18:in `call'
  actionpack (4.2.2) lib/action_dispatch/middleware/show_exceptions.rb:30:in `call'
  railties (4.2.2) lib/rails/rack/logger.rb:38:in `call_app'
  railties (4.2.2) lib/rails/rack/logger.rb:20:in `block in call'
  activesupport (4.2.2) lib/active_support/tagged_logging.rb:68:in `block in tagged'
  activesupport (4.2.2) lib/active_support/tagged_logging.rb:26:in `tagged'
  activesupport (4.2.2) lib/active_support/tagged_logging.rb:68:in `tagged'
  railties (4.2.2) lib/rails/rack/logger.rb:20:in `call'
  actionpack (4.2.2) lib/action_dispatch/middleware/request_id.rb:21:in `call'
  rack (1.6.5) lib/rack/methodoverride.rb:22:in `call'
  rack (1.6.5) lib/rack/runtime.rb:18:in `call'
  activesupport (4.2.2) lib/active_support/cache/strategy/local_cache_middleware.rb:28:in `call'
  rack (1.6.5) lib/rack/lock.rb:17:in `call'
  actionpack (4.2.2) lib/action_dispatch/middleware/static.rb:113:in `call'
  rack (1.6.5) lib/rack/sendfile.rb:113:in `call'
  railties (4.2.2) lib/rails/engine.rb:518:in `call'
  railties (4.2.2) lib/rails/application.rb:164:in `call'
  rack (1.6.5) lib/rack/lock.rb:17:in `call'
  rack (1.6.5) lib/rack/content_length.rb:15:in `call'
  rack (1.6.5) lib/rack/handler/webrick.rb:88:in `service'
  /Users/ht0919/.anyenv/envs/rbenv/versions/2.3.3/lib/ruby/2.3.0/webrick/httpserver.rb:140:in `service'
  /Users/ht0919/.anyenv/envs/rbenv/versions/2.3.3/lib/ruby/2.3.0/webrick/httpserver.rb:96:in `run'
  /Users/ht0919/.anyenv/envs/rbenv/versions/2.3.3/lib/ruby/2.3.0/webrick/server.rb:296:in `block in start_thread'


  Rendered /Users/ht0919/.anyenv/envs/rbenv/versions/2.3.3/lib/ruby/gems/2.3.0/gems/actionpack-4.2.2/lib/action_dispatch/middleware/templates/rescues/_trace.html.erb (3.6ms)
  Rendered /Users/ht0919/.anyenv/envs/rbenv/versions/2.3.3/lib/ruby/gems/2.3.0/gems/actionpack-4.2.2/lib/action_dispatch/middleware/templates/routes/_route.html.erb (2.7ms)
  Rendered /Users/ht0919/.anyenv/envs/rbenv/versions/2.3.3/lib/ruby/gems/2.3.0/gems/actionpack-4.2.2/lib/action_dispatch/middleware/templates/routes/_table.html.erb (21.6ms)
  Rendered /Users/ht0919/.anyenv/envs/rbenv/versions/2.3.3/lib/ruby/gems/2.3.0/gems/actionpack-4.2.2/lib/action_dispatch/middleware/templates/rescues/_request_and_response.html.erb (31.6ms)
  Rendered /Users/ht0919/.anyenv/envs/rbenv/versions/2.3.3/lib/ruby/gems/2.3.0/gems/actionpack-4.2.2/lib/action_dispatch/middleware/templates/rescues/routing_error.html.erb within rescues/layout (416.0ms)
  Rendered /Users/ht0919/.anyenv/envs/rbenv/versions/2.3.3/lib/ruby/gems/2.3.0/gems/web-console-2.3.0/lib/web_console/templates/_markup.html.erb (1.5ms)
  Rendered /Users/ht0919/.anyenv/envs/rbenv/versions/2.3.3/lib/ruby/gems/2.3.0/gems/web-console-2.3.0/lib/web_console/templates/_inner_console_markup.html.erb within layouts/inlined_string (0.7ms)
  Rendered /Users/ht0919/.anyenv/envs/rbenv/versions/2.3.3/lib/ruby/gems/2.3.0/gems/web-console-2.3.0/lib/web_console/templates/_prompt_box_markup.html.erb within layouts/inlined_string (1.2ms)
  Rendered /Users/ht0919/.anyenv/envs/rbenv/versions/2.3.3/lib/ruby/gems/2.3.0/gems/web-console-2.3.0/lib/web_console/templates/style.css.erb within layouts/inlined_string (0.9ms)
  Rendered /Users/ht0919/.anyenv/envs/rbenv/versions/2.3.3/lib/ruby/gems/2.3.0/gems/web-console-2.3.0/lib/web_console/templates/console.js.erb within layouts/javascript (276.8ms)
  Rendered /Users/ht0919/.anyenv/envs/rbenv/versions/2.3.3/lib/ruby/gems/2.3.0/gems/web-console-2.3.0/lib/web_console/templates/main.js.erb within layouts/javascript (1.8ms)
  Rendered /Users/ht0919/.anyenv/envs/rbenv/versions/2.3.3/lib/ruby/gems/2.3.0/gems/web-console-2.3.0/lib/web_console/templates/error_page.js.erb within layouts/javascript (1.8ms)
  Rendered /Users/ht0919/.anyenv/envs/rbenv/versions/2.3.3/lib/ruby/gems/2.3.0/gems/web-console-2.3.0/lib/web_console/templates/index.html.erb (714.2ms)


Started GET "/" for ::1 at 2016-12-10 12:12:53 +0900
Processing by MajanlogsController#index as HTML
  [1m[35mMajanlog Load (0.9ms)[0m  SELECT "majanlogs".* FROM "majanlogs"
  Rendered majanlogs/index.html.erb within layouts/application (67.0ms)
Completed 200 OK in 1427ms (Views: 1420.3ms | ActiveRecord: 1.8ms)


Started GET "/assets/majanlogs.self-e3b0c44298fc1c149afbf4c8996fb92427ae41e4649b934ca495991b7852b855.css?body=1" for ::1 at 2016-12-10 12:12:54 +0900


Started GET "/assets/scaffolds.self-dfbd34247976981ae0c8f03fbb6b8f14b27b5ecf8132c5ecf63748fcad0536e0.css?body=1" for ::1 at 2016-12-10 12:12:54 +0900


Started GET "/assets/jquery.self-bd7ddd393353a8d2480a622e80342adf488fb6006d667e8b42e4c0073393abee.js?body=1" for ::1 at 2016-12-10 12:12:54 +0900


Started GET "/assets/application.self-e80e8f2318043e8af94dddc2adad5a4f09739a8ebb323b3ab31cd71d45fd9113.css?body=1" for ::1 at 2016-12-10 12:12:54 +0900


Started GET "/assets/jquery_ujs.self-784a997f6726036b1993eb2217c9cb558e1cbb801c6da88105588c56f13b466a.js?body=1" for ::1 at 2016-12-10 12:12:54 +0900


Started GET "/assets/majanlogs.self-877aef30ae1b040ab8a3aba4e3e309a11d7f2612f44dde450b5c157aa5f95c05.js?body=1" for ::1 at 2016-12-10 12:12:54 +0900


Started GET "/assets/application.self-3b8dabdc891efe46b9a144b400ad69e37d7e5876bdc39dee783419a69d7ca819.js?body=1" for ::1 at 2016-12-10 12:12:54 +0900


Started GET "/majanlogs/new" for ::1 at 2016-12-10 12:13:07 +0900
Processing by MajanlogsController#new as HTML
  Rendered majanlogs/_form.html.erb (51.9ms)
  Rendered majanlogs/new.html.erb within layouts/application (77.0ms)
Completed 200 OK in 162ms (Views: 158.4ms | ActiveRecord: 0.0ms)


Started GET "/majanlogs" for ::1 at 2016-12-10 12:13:15 +0900
Processing by MajanlogsController#index as HTML
  [1m[36mMajanlog Load (0.4ms)[0m  [1mSELECT "majanlogs".* FROM "majanlogs"[0m
  Rendered majanlogs/index.html.erb within layouts/application (8.8ms)
Completed 200 OK in 112ms (Views: 110.3ms | ActiveRecord: 0.4ms)


Started GET "/majanlogs/1/edit" for ::1 at 2016-12-10 12:13:19 +0900
Processing by MajanlogsController#edit as HTML
  Parameters: {"id"=>"1"}
  [1m[35mMajanlog Load (1.0ms)[0m  SELECT  "majanlogs".* FROM "majanlogs" WHERE "majanlogs"."id" = ? LIMIT 1  [["id", 1]]
  Rendered majanlogs/_form.html.erb (9.8ms)
  Rendered majanlogs/edit.html.erb within layouts/application (15.1ms)
Completed 200 OK in 113ms (Views: 65.1ms | ActiveRecord: 1.0ms)


Started GET "/majanlogs" for ::1 at 2016-12-10 12:20:07 +0900
Processing by MajanlogsController#index as HTML
  [1m[36mMajanlog Load (0.6ms)[0m  [1mSELECT "majanlogs".* FROM "majanlogs"[0m
  Rendered majanlogs/index.html.erb within layouts/application (3.5ms)
Completed 200 OK in 48ms (Views: 46.6ms | ActiveRecord: 0.6ms)
